<?xml version="1.0" encoding="UTF-8"?>
<testng-results skipped="0" failed="0" ignored="0" total="1" passed="1">
  <reporter-output>
  </reporter-output>
  <suite name="Suite" duration-ms="50127" started-at="2021-09-05T17:52:45Z" finished-at="2021-09-05T17:53:35Z">
    <groups>
    </groups>
    <test name="Test" duration-ms="50127" started-at="2021-09-05T17:52:45Z" finished-at="2021-09-05T17:53:35Z">
      <class name="FashionCloud.ToDoList.AppTest">
        <test-method status="PASS" signature="verifyTasks()[pri:0, instance:FashionCloud.ToDoList.AppTest@22f71333]" name="verifyTasks" duration-ms="50103" started-at="2021-09-05T17:52:45Z" finished-at="2021-09-05T17:53:35Z">
          <reporter-output>
          </reporter-output>
        </test-method> <!-- verifyTasks -->
      </class> <!-- FashionCloud.ToDoList.AppTest -->
    </test> <!-- Test -->
  </suite> <!-- Suite -->
</testng-results>
